<?xml version="1.0" encoding="UTF-8"?>
<!-- Generated by org.testng.reporters.JUnitReportReporter -->
<testsuite hostname="DESKTOP-BU76AG9" failures="0" tests="6" name="sample.Product.BrandsList" time="1.673" errors="0" timestamp="2024-07-08T14:17:16 IST" skipped="0">
  <testcase classname="sample.Product.BrandsList" name="testSpecificBrandDetails" time="0.107"/>
  <system-out/>
  <testcase classname="sample.Product.BrandsList" name="testGetAllBrandsListSuccess" time="1.304"/>
  <system-out/>
  <testcase classname="sample.Product.BrandsList" name="testContentType" time="0.028"/>
  <system-out/>
  <testcase classname="sample.Product.BrandsList" name="testResponseContainsBrands" time="0.049"/>
  <system-out/>
  <testcase classname="sample.Product.BrandsList" name="testResponseTime" time="0.025"/>
  <system-out/>
  <testcase classname="sample.Product.BrandsList" name="testProductStructure" time="0.160"/>
  <system-out/>
</testsuite> <!-- sample.Product.BrandsList -->
