<?xml version="1.0" encoding="UTF-8"?>
<!-- Generated by org.testng.reporters.JUnitReportReporter -->
<testsuite hostname="DESKTOP-BU76AG9" failures="0" tests="6" name="sample.Product.BrandsList" time="2.210" errors="0" timestamp="2024-07-29T16:24:00 IST" skipped="0">
  <testcase classname="sample.Product.BrandsList" name="testResponseTime" time="0.039"/>
  <system-out/>
  <testcase classname="sample.Product.BrandsList" name="testResponseContainsBrands" time="0.164"/>
  <system-out/>
  <testcase classname="sample.Product.BrandsList" name="testContentType" time="0.062"/>
  <system-out/>
  <testcase classname="sample.Product.BrandsList" name="testSpecificBrandDetails" time="0.152"/>
  <system-out/>
  <testcase classname="sample.Product.BrandsList" name="testProductStructure" time="0.190"/>
  <system-out/>
  <testcase classname="sample.Product.BrandsList" name="testGetAllBrandsListSuccess" time="1.603"/>
  <system-out/>
</testsuite> <!-- sample.Product.BrandsList -->
