<?xml version="1.0" encoding="UTF-8"?>
<!-- Generated by org.testng.reporters.JUnitReportReporter -->
<testsuite hostname="DESKTOP-BU76AG9" failures="0" tests="6" name="sample.Product.BrandsList" time="0.409" errors="0" timestamp="2024-07-08T11:22:28 IST" skipped="0">
  <testcase classname="sample.Product.BrandsList" name="testProductStructure" time="0.191"/>
  <system-out/>
  <testcase classname="sample.Product.BrandsList" name="testResponseContainsBrands" time="0.041"/>
  <system-out/>
  <testcase classname="sample.Product.BrandsList" name="testSpecificBrandDetails" time="0.112"/>
  <system-out/>
  <testcase classname="sample.Product.BrandsList" name="testGetAllBrandsListSuccess" time="0.036"/>
  <system-out/>
  <testcase classname="sample.Product.BrandsList" name="testContentType" time="0.013"/>
  <system-out/>
  <testcase classname="sample.Product.BrandsList" name="testResponseTime" time="0.016"/>
  <system-out/>
</testsuite> <!-- sample.Product.BrandsList -->
