<?xml version="1.0" encoding="UTF-8"?>
<!-- Generated by org.testng.reporters.JUnitReportReporter -->
<testsuite hostname="DESKTOP-BU76AG9" failures="0" tests="3" name="sample.Product.BrandsList" time="8.382" errors="0" timestamp="2024-08-05T17:14:25 IST" skipped="0">
  <testcase classname="sample.Product.BrandsList" name="testGetAllBrandsListSuccess" time="5.063"/>
  <system-out/>
  <testcase classname="sample.Product.BrandsList" name="testUnsupportedMethod" time="1.614"/>
  <system-out/>
  <testcase classname="sample.Product.BrandsList" name="testInvalidEndpoint" time="1.705"/>
  <system-out/>
</testsuite> <!-- sample.Product.BrandsList -->
