<?xml version="1.0" encoding="UTF-8"?>
<!-- Generated by org.testng.reporters.JUnitReportReporter -->
<testsuite hostname="DESKTOP-H8LBSOE" failures="0" tests="3" name="sample.Product.BrandsList" time="9.772" errors="0" timestamp="2024-09-10T18:22:37 IST" skipped="0">
  <testcase classname="sample.Product.BrandsList" name="testInvalidEndpoint" time="2.590"/>
  <system-out/>
  <testcase classname="sample.Product.BrandsList" name="testUnsupportedMethod" time="2.020"/>
  <system-out/>
  <testcase classname="sample.Product.BrandsList" name="testGetAllBrandsListSuccess" time="5.162"/>
  <system-out/>
</testsuite> <!-- sample.Product.BrandsList -->
