<?xml version="1.0" encoding="UTF-8"?>
<!-- Generated by org.testng.reporters.JUnitReportReporter -->
<testsuite hostname="DESKTOP-BU76AG9" failures="0" tests="6" name="sample.Product.BrandsListTest" time="1.785" errors="0" timestamp="2024-07-05T12:52:29 IST" skipped="0">
  <testcase classname="sample.Product.BrandsListTest" name="testResponseContainsBrands" time="0.069"/>
  <system-out/>
  <testcase classname="sample.Product.BrandsListTest" name="testProductStructure" time="0.128"/>
  <system-out/>
  <testcase classname="sample.Product.BrandsListTest" name="testResponseTime" time="0.024"/>
  <system-out/>
  <testcase classname="sample.Product.BrandsListTest" name="testGetAllBrandsListSuccess" time="1.428"/>
  <system-out/>
  <testcase classname="sample.Product.BrandsListTest" name="testContentType" time="0.029"/>
  <system-out/>
  <testcase classname="sample.Product.BrandsListTest" name="testSpecificBrandDetails" time="0.107"/>
  <system-out/>
</testsuite> <!-- sample.Product.BrandsListTest -->
